<?xml version="1.0" encoding="UTF-8"?>
<!-- Generated by org.testng.reporters.JUnitReportReporter -->
<testsuite skipped="0" hostname="DESKTOP-GHU5DRM" name="com.restapitests.GetTests" tests="3" failures="0" timestamp="2022-07-07T14:01:14 IST" time="2.446" errors="0">
  <testcase name="getEmployeeDetails" time="2.289" classname="com.restapitests.GetTests"/>
  <system-out/>
  <testcase name="getEmployeeDetailsWithResource" time="0.073" classname="com.restapitests.GetTests"/>
  <system-out/>
  <testcase name="getEmployeeDetailsWithResource" time="0.084" classname="com.restapitests.GetTests"/>
  <system-out/>
</testsuite> <!-- com.restapitests.GetTests -->
