<?xml version="1.0" encoding="UTF-8"?>
<!-- Generated by org.testng.reporters.JUnitReportReporter -->
<testsuite skipped="0" hostname="DESKTOP-GHU5DRM" name="com.restapitests.PostTest" tests="5" failures="0" timestamp="2022-07-07T14:01:14 IST" time="0.917" errors="0">
  <testcase name="createEmployeeDetailsUsingJsonFile" time="0.141" classname="com.restapitests.PostTest"/>
  <system-out/>
  <testcase name="createEmployeeDetailsUsingJavaObject" time="0.369" classname="com.restapitests.PostTest"/>
  <system-out/>
  <testcase name="createEmployeeDetailsUsingPlainJson" time="0.139" classname="com.restapitests.PostTest"/>
  <system-out/>
  <testcase name="createEmployeeDetailsUsingJsonObject" time="0.114" classname="com.restapitests.PostTest"/>
  <system-out/>
  <testcase name="createEmployeeDetailsUsingPojo" time="0.154" classname="com.restapitests.PostTest"/>
  <system-out/>
</testsuite> <!-- com.restapitests.PostTest -->
