<?xml version="1.0" encoding="UTF-8"?>
<!-- Generated by org.testng.reporters.JUnitReportReporter -->
<testsuite skipped="0" hostname="DESKTOP-GHU5DRM" name="com.restapitests.PostTest" tests="5" failures="0" timestamp="2022-07-08T17:10:40 IST" time="4.651" errors="0">
  <testcase name="createEmployeeDetailsUsingJavaObject" time="4.064" classname="com.restapitests.PostTest"/>
  <system-out/>
  <testcase name="createEmployeeDetailsUsingJsonFile" time="0.229" classname="com.restapitests.PostTest"/>
  <system-out/>
  <testcase name="createEmployeeDetailsUsingPlainJson" time="0.136" classname="com.restapitests.PostTest"/>
  <system-out/>
  <testcase name="createEmployeeDetailsUsingPojo" time="0.122" classname="com.restapitests.PostTest"/>
  <system-out/>
  <testcase name="createEmployeeDetailsUsingJsonObject" time="0.100" classname="com.restapitests.PostTest"/>
  <system-out/>
</testsuite> <!-- com.restapitests.PostTest -->
