<?xml version="1.0" encoding="UTF-8"?>
<!-- Generated by org.testng.reporters.JUnitReportReporter -->
<testsuite skipped="0" hostname="DESKTOP-GHU5DRM" name="com.restapitests.PostTest" tests="5" failures="0" timestamp="2022-07-08T13:54:06 IST" time="4.890" errors="0">
  <testcase name="createEmployeeDetailsUsingPlainJson" time="0.078" classname="com.restapitests.PostTest"/>
  <system-out/>
  <testcase name="createEmployeeDetailsUsingPojo" time="0.127" classname="com.restapitests.PostTest"/>
  <system-out/>
  <testcase name="createEmployeeDetailsUsingJsonFile" time="0.659" classname="com.restapitests.PostTest"/>
  <system-out/>
  <testcase name="createEmployeeDetailsUsingJsonObject" time="0.339" classname="com.restapitests.PostTest"/>
  <system-out/>
  <testcase name="createEmployeeDetailsUsingJavaObject" time="3.687" classname="com.restapitests.PostTest"/>
  <system-out/>
</testsuite> <!-- com.restapitests.PostTest -->
